<?xml version="1.0" encoding="UTF-8"?>
<!-- Generated by org.testng.reporters.JUnitXMLReporter -->
<testsuite ignored="3" hostname="LAPTOP-GDOGE72K" failures="1" tests="1" name="Default test(failed)" time="0.034" errors="0" timestamp="2025-07-21T17:47:16 IST">
  <testcase classname="day8.FailedTests" name="b1" time="0.007">
    <failure type="java.lang.AssertionError" message="expected [true] but found [false]">
      <![CDATA[java.lang.AssertionError: expected [true] but found [false]
at day8.FailedTests.b1(FailedTests.java:17)
at java.base/java.util.ArrayList.forEach(ArrayList.java:1511)
... Removed 31 stack frames]]>
    </failure>
  </testcase> <!-- b1 -->
  <testcase classname="day8.FailedTests" name="d1" time="0.0">
    <ignored/>
  </testcase> <!-- d1 -->
  <testcase classname="day8.FailedTests" name="c1" time="0.0">
    <ignored/>
  </testcase> <!-- c1 -->
  <testcase classname="day8.FailedTests" name="a1" time="0.0">
    <ignored/>
  </testcase> <!-- a1 -->
</testsuite> <!-- Default test(failed) -->
