<?xml version="1.0" encoding="UTF-8"?>
<!-- Generated by org.testng.reporters.JUnitXMLReporter -->
<testsuite ignored="0" hostname="LAPTOP-GDOGE72K" failures="0" tests="6" name="Test" time="0.07" errors="0" timestamp="2025-07-01T20:36:15 IST">
  <testcase classname="day7.SuiteClass_2" name="tc1" time="0.007"/>
  <testcase classname="day7.SuiteClass_2" name="tc4" time="0.001"/>
  <testcase classname="day7.SuiteClass_3" name="tc2" time="0.003"/>
  <testcase classname="day7.SuiteClass_3" name="tc5" time="0.001"/>
  <testcase classname="day7.SuiteClass_1" name="tc3" time="0.001"/>
  <testcase classname="day7.SuiteClass_1" name="tc6" time="0.001"/>
</testsuite> <!-- Test -->
