<?xml version="1.0" encoding="UTF-8"?>
<!-- Generated by org.testng.reporters.JUnitXMLReporter -->
<testsuite ignored="15" hostname="LAPTOP-GDOGE72K" failures="0" tests="2" name="Test" time="0.052" errors="0" timestamp="2025-07-21T15:59:51 IST">
  <testcase classname="day8.TestNG3_Grouping" name="a1" time="0.008"/>
  <testcase classname="day8.TestNG3_Grouping" name="b1" time="0.001"/>
  <testcase classname="day8.TestNG1" name="a1" time="0.0">
    <ignored/>
  </testcase> <!-- a1 -->
  <testcase classname="day8.TestNG2" name="a1" time="0.0">
    <ignored/>
  </testcase> <!-- a1 -->
  <testcase classname="day7.Kite_1" name="tc1" time="0.0">
    <ignored/>
  </testcase> <!-- tc1 -->
  <testcase classname="day7.SuiteClass_2" name="tc4" time="0.0">
    <ignored/>
  </testcase> <!-- tc4 -->
  <testcase classname="day7.SuiteClass_3" name="tc2" time="0.0">
    <ignored/>
  </testcase> <!-- tc2 -->
  <testcase classname="day7.SuiteClass_2" name="tc1" time="0.0">
    <ignored/>
  </testcase> <!-- tc1 -->
  <testcase classname="day7.SuiteClass_1" name="tc3" time="0.0">
    <ignored/>
  </testcase> <!-- tc3 -->
  <testcase classname="day7.SuiteClass_3" name="tc5" time="0.0">
    <ignored/>
  </testcase> <!-- tc5 -->
  <testcase classname="day7.Test_Kite" name="tc1" time="0.0">
    <ignored/>
  </testcase> <!-- tc1 -->
  <testcase classname="day7.SuiteClass_1" name="tc6" time="0.0">
    <ignored/>
  </testcase> <!-- tc6 -->
  <testcase classname="day8.TestNG3_Grouping" name="c1" time="0.0">
    <ignored/>
  </testcase> <!-- c1 -->
  <testcase classname="day8.TestNG2" name="b1" time="0.0">
    <ignored/>
  </testcase> <!-- b1 -->
  <testcase classname="day8.TestNG3_Grouping" name="d1" time="0.0">
    <ignored/>
  </testcase> <!-- d1 -->
  <testcase classname="day8.TestNG2" name="c1" time="0.0">
    <ignored/>
  </testcase> <!-- c1 -->
  <testcase classname="day8.Annotations" name="a1" time="0.0">
    <ignored/>
  </testcase> <!-- a1 -->
</testsuite> <!-- Test -->
